Build started 7/30/2015 9:22:13 PM.
     1>Project "c:\Users\Ai\documents\visual studio 2013\Projects\Flashcard\Flashcard.vcxproj" on node 2 (Build target(s)).
     1>Link:
         C:\Program Files (x86)\Microsoft Visual Studio 12.0\VC\bin\link.exe /ERRORREPORT:PROMPT /OUT:"c:\users\ai\documents\visual studio 2013\Projects\Flashcard\Release\Flashcard.exe" /INCREMENTAL:NO /NOLOGO fltk.lib fltkgl.lib fltkimages.lib fltkpng.lib fltkjpeg.lib fltkzlib.lib fltkforms.lib wsock32.lib comctl32.lib kernel32.lib user32.lib gdi32.lib winspool.lib comdlg32.lib advapi32.lib shell32.lib ole32.lib oleaut32.lib uuid.lib odbc32.lib odbccp32.lib /NODEFAULTLIB:libc.lib /NODEFAULTLIB:LIBCMT.lib /MANIFEST /MANIFESTUAC:"level='asInvoker' uiAccess='false'" /manifest:embed /DEBUG /PDB:"c:\users\ai\documents\visual studio 2013\Projects\Flashcard\Release\Flashcard.pdb" /SUBSYSTEM:WINDOWS /OPT:REF /OPT:ICF /LTCG /TLBID:1 /DYNAMICBASE /NXCOMPAT /IMPLIB:"c:\users\ai\documents\visual studio 2013\Projects\Flashcard\Release\Flashcard.lib" /MACHINE:X86 /SAFESEH Release\gp.obj
         Generating code
         Finished generating code
     1>fltk.lib(case.obj) : warning LNK4204: 'c:\users\ai\documents\visual studio 2013\Projects\Flashcard\Release\vc120.pdb' is missing debugging information for referencing module; linking object as if no debug info
     1>fltk.lib(filename_list.obj) : warning LNK4204: 'c:\users\ai\documents\visual studio 2013\Projects\Flashcard\Release\vc120.pdb' is missing debugging information for referencing module; linking object as if no debug info
     1>fltk.lib(filename_match.obj) : warning LNK4204: 'c:\users\ai\documents\visual studio 2013\Projects\Flashcard\Release\vc120.pdb' is missing debugging information for referencing module; linking object as if no debug info
     1>fltk.lib(Fl.obj) : warning LNK4204: 'c:\users\ai\documents\visual studio 2013\Projects\Flashcard\Release\vc120.pdb' is missing debugging information for referencing module; linking object as if no debug info
     1>fltk.lib(Fl_abort.obj) : warning LNK4204: 'c:\users\ai\documents\visual studio 2013\Projects\Flashcard\Release\vc120.pdb' is missing debugging information for referencing module; linking object as if no debug info
     1>fltk.lib(fl_arc.obj) : warning LNK4204: 'c:\users\ai\documents\visual studio 2013\Projects\Flashcard\Release\vc120.pdb' is missing debugging information for referencing module; linking object as if no debug info
     1>fltk.lib(fl_arci.obj) : warning LNK4204: 'c:\users\ai\documents\visual studio 2013\Projects\Flashcard\Release\vc120.pdb' is missing debugging information for referencing module; linking object as if no debug info
     1>fltk.lib(Fl_arg.obj) : warning LNK4204: 'c:\users\ai\documents\visual studio 2013\Projects\Flashcard\Release\vc120.pdb' is missing debugging information for referencing module; linking object as if no debug info
     1>fltk.lib(fl_ask.obj) : warning LNK4204: 'c:\users\ai\documents\visual studio 2013\Projects\Flashcard\Release\vc120.pdb' is missing debugging information for referencing module; linking object as if no debug info
     1>fltk.lib(Fl_Bitmap.obj) : warning LNK4204: 'c:\users\ai\documents\visual studio 2013\Projects\Flashcard\Release\vc120.pdb' is missing debugging information for referencing module; linking object as if no debug info
     1>fltk.lib(Fl_Box.obj) : warning LNK4204: 'c:\users\ai\documents\visual studio 2013\Projects\Flashcard\Release\vc120.pdb' is missing debugging information for referencing module; linking object as if no debug info
     1>fltk.lib(fl_boxtype.obj) : warning LNK4204: 'c:\users\ai\documents\visual studio 2013\Projects\Flashcard\Release\vc120.pdb' is missing debugging information for referencing module; linking object as if no debug info
     1>fltk.lib(Fl_Button.obj) : warning LNK4204: 'c:\users\ai\documents\visual studio 2013\Projects\Flashcard\Release\vc120.pdb' is missing debugging information for referencing module; linking object as if no debug info
     1>fltk.lib(fl_call_main.obj) : warning LNK4204: 'c:\users\ai\documents\visual studio 2013\Projects\Flashcard\Release\vc120.pdb' is missing debugging information for referencing module; linking object as if no debug info
     1>fltk.lib(Fl_Choice.obj) : warning LNK4204: 'c:\users\ai\documents\visual studio 2013\Projects\Flashcard\Release\vc120.pdb' is missing debugging information for referencing module; linking object as if no debug info
     1>fltk.lib(fl_color.obj) : warning LNK4204: 'c:\users\ai\documents\visual studio 2013\Projects\Flashcard\Release\vc120.pdb' is missing debugging information for referencing module; linking object as if no debug info
     1>fltk.lib(Fl_compose.obj) : warning LNK4204: 'c:\users\ai\documents\visual studio 2013\Projects\Flashcard\Release\vc120.pdb' is missing debugging information for referencing module; linking object as if no debug info
     1>fltk.lib(fl_cursor.obj) : warning LNK4204: 'c:\users\ai\documents\visual studio 2013\Projects\Flashcard\Release\vc120.pdb' is missing debugging information for referencing module; linking object as if no debug info
     1>fltk.lib(fl_curve.obj) : warning LNK4204: 'c:\users\ai\documents\visual studio 2013\Projects\Flashcard\Release\vc120.pdb' is missing debugging information for referencing module; linking object as if no debug info
     1>fltk.lib(Fl_Device.obj) : warning LNK4204: 'c:\users\ai\documents\visual studio 2013\Projects\Flashcard\Release\vc120.pdb' is missing debugging information for referencing module; linking object as if no debug info
     1>fltk.lib(fl_dnd.obj) : warning LNK4204: 'c:\users\ai\documents\visual studio 2013\Projects\Flashcard\Release\vc120.pdb' is missing debugging information for referencing module; linking object as if no debug info
     1>fltk.lib(Fl_Double_Window.obj) : warning LNK4204: 'c:\users\ai\documents\visual studio 2013\Projects\Flashcard\Release\vc120.pdb' is missing debugging information for referencing module; linking object as if no debug info
     1>fltk.lib(fl_draw.obj) : warning LNK4204: 'c:\users\ai\documents\visual studio 2013\Projects\Flashcard\Release\vc120.pdb' is missing debugging information for referencing module; linking object as if no debug info
     1>fltk.lib(fl_draw_image.obj) : warning LNK4204: 'c:\users\ai\documents\visual studio 2013\Projects\Flashcard\Release\vc120.pdb' is missing debugging information for referencing module; linking object as if no debug info
     1>fltk.lib(fl_draw_pixmap.obj) : warning LNK4204: 'c:\users\ai\documents\visual studio 2013\Projects\Flashcard\Release\vc120.pdb' is missing debugging information for referencing module; linking object as if no debug info
     1>fltk.lib(fl_font.obj) : warning LNK4204: 'c:\users\ai\documents\visual studio 2013\Projects\Flashcard\Release\vc120.pdb' is missing debugging information for referencing module; linking object as if no debug info
     1>fltk.lib(Fl_get_system_colors.obj) : warning LNK4204: 'c:\users\ai\documents\visual studio 2013\Projects\Flashcard\Release\vc120.pdb' is missing debugging information for referencing module; linking object as if no debug info
     1>fltk.lib(Fl_grab.obj) : warning LNK4204: 'c:\users\ai\documents\visual studio 2013\Projects\Flashcard\Release\vc120.pdb' is missing debugging information for referencing module; linking object as if no debug info
     1>fltk.lib(Fl_Group.obj) : warning LNK4204: 'c:\users\ai\documents\visual studio 2013\Projects\Flashcard\Release\vc120.pdb' is missing debugging information for referencing module; linking object as if no debug info
     1>fltk.lib(fl_gtk.obj) : warning LNK4204: 'c:\users\ai\documents\visual studio 2013\Projects\Flashcard\Release\vc120.pdb' is missing debugging information for referencing module; linking object as if no debug info
     1>fltk.lib(fl_gleam.obj) : warning LNK4204: 'c:\users\ai\documents\visual studio 2013\Projects\Flashcard\Release\vc120.pdb' is missing debugging information for referencing module; linking object as if no debug info
     1>fltk.lib(Fl_Image.obj) : warning LNK4204: 'c:\users\ai\documents\visual studio 2013\Projects\Flashcard\Release\vc120.pdb' is missing debugging information for referencing module; linking object as if no debug info
     1>fltk.lib(Fl_Input.obj) : warning LNK4204: 'c:\users\ai\documents\visual studio 2013\Projects\Flashcard\Release\vc120.pdb' is missing debugging information for referencing module; linking object as if no debug info
     1>fltk.lib(Fl_Input_.obj) : warning LNK4204: 'c:\users\ai\documents\visual studio 2013\Projects\Flashcard\Release\vc120.pdb' is missing debugging information for referencing module; linking object as if no debug info
     1>fltk.lib(fl_labeltype.obj) : warning LNK4204: 'c:\users\ai\documents\visual studio 2013\Projects\Flashcard\Release\vc120.pdb' is missing debugging information for referencing module; linking object as if no debug info
     1>fltk.lib(Fl_Light_Button.obj) : warning LNK4204: 'c:\users\ai\documents\visual studio 2013\Projects\Flashcard\Release\vc120.pdb' is missing debugging information for referencing module; linking object as if no debug info
     1>fltk.lib(fl_line_style.obj) : warning LNK4204: 'c:\users\ai\documents\visual studio 2013\Projects\Flashcard\Release\vc120.pdb' is missing debugging information for referencing module; linking object as if no debug info
     1>fltk.lib(Fl_lock.obj) : warning LNK4204: 'c:\users\ai\documents\visual studio 2013\Projects\Flashcard\Release\vc120.pdb' is missing debugging information for referencing module; linking object as if no debug info
     1>fltk.lib(Fl_Menu.obj) : warning LNK4204: 'c:\users\ai\documents\visual studio 2013\Projects\Flashcard\Release\vc120.pdb' is missing debugging information for referencing module; linking object as if no debug info
     1>fltk.lib(Fl_Menu_.obj) : warning LNK4204: 'c:\users\ai\documents\visual studio 2013\Projects\Flashcard\Release\vc120.pdb' is missing debugging information for referencing module; linking object as if no debug info
     1>fltk.lib(Fl_Menu_add.obj) : warning LNK4204: 'c:\users\ai\documents\visual studio 2013\Projects\Flashcard\Release\vc120.pdb' is missing debugging information for referencing module; linking object as if no debug info
     1>fltk.lib(Fl_Menu_Button.obj) : warning LNK4204: 'c:\users\ai\documents\visual studio 2013\Projects\Flashcard\Release\vc120.pdb' is missing debugging information for referencing module; linking object as if no debug info
     1>fltk.lib(Fl_Menu_Window.obj) : warning LNK4204: 'c:\users\ai\documents\visual studio 2013\Projects\Flashcard\Release\vc120.pdb' is missing debugging information for referencing module; linking object as if no debug info
     1>fltk.lib(Fl_Overlay_Window.obj) : warning LNK4204: 'c:\users\ai\documents\visual studio 2013\Projects\Flashcard\Release\vc120.pdb' is missing debugging information for referencing module; linking object as if no debug info
     1>fltk.lib(Fl_Pixmap.obj) : warning LNK4204: 'c:\users\ai\documents\visual studio 2013\Projects\Flashcard\Release\vc120.pdb' is missing debugging information for referencing module; linking object as if no debug info
     1>fltk.lib(fl_plastic.obj) : warning LNK4204: 'c:\users\ai\documents\visual studio 2013\Projects\Flashcard\Release\vc120.pdb' is missing debugging information for referencing module; linking object as if no debug info
     1>fltk.lib(Fl_Preferences.obj) : warning LNK4204: 'c:\users\ai\documents\visual studio 2013\Projects\Flashcard\Release\vc120.pdb' is missing debugging information for referencing module; linking object as if no debug info
     1>fltk.lib(fl_read_image.obj) : warning LNK4204: 'c:\users\ai\documents\visual studio 2013\Projects\Flashcard\Release\vc120.pdb' is missing debugging information for referencing module; linking object as if no debug info
     1>fltk.lib(fl_rect.obj) : warning LNK4204: 'c:\users\ai\documents\visual studio 2013\Projects\Flashcard\Release\vc120.pdb' is missing debugging information for referencing module; linking object as if no debug info
     1>fltk.lib(Fl_Repeat_Button.obj) : warning LNK4204: 'c:\users\ai\documents\visual studio 2013\Projects\Flashcard\Release\vc120.pdb' is missing debugging information for referencing module; linking object as if no debug info
     1>fltk.lib(Fl_Return_Button.obj) : warning LNK4204: 'c:\users\ai\documents\visual studio 2013\Projects\Flashcard\Release\vc120.pdb' is missing debugging information for referencing module; linking object as if no debug info
     1>fltk.lib(fl_round_box.obj) : warning LNK4204: 'c:\users\ai\documents\visual studio 2013\Projects\Flashcard\Release\vc120.pdb' is missing debugging information for referencing module; linking object as if no debug info
     1>fltk.lib(Fl_Round_Button.obj) : warning LNK4204: 'c:\users\ai\documents\visual studio 2013\Projects\Flashcard\Release\vc120.pdb' is missing debugging information for referencing module; linking object as if no debug info
     1>fltk.lib(Fl_Shared_Image.obj) : warning LNK4204: 'c:\users\ai\documents\visual studio 2013\Projects\Flashcard\Release\vc120.pdb' is missing debugging information for referencing module; linking object as if no debug info
     1>fltk.lib(fl_shortcut.obj) : warning LNK4204: 'c:\users\ai\documents\visual studio 2013\Projects\Flashcard\Release\vc120.pdb' is missing debugging information for referencing module; linking object as if no debug info
     1>fltk.lib(Fl_Single_Window.obj) : warning LNK4204: 'c:\users\ai\documents\visual studio 2013\Projects\Flashcard\Release\vc120.pdb' is missing debugging information for referencing module; linking object as if no debug info
     1>fltk.lib(fl_symbols.obj) : warning LNK4204: 'c:\users\ai\documents\visual studio 2013\Projects\Flashcard\Release\vc120.pdb' is missing debugging information for referencing module; linking object as if no debug info
     1>fltk.lib(Fl_Tiled_Image.obj) : warning LNK4204: 'c:\users\ai\documents\visual studio 2013\Projects\Flashcard\Release\vc120.pdb' is missing debugging information for referencing module; linking object as if no debug info
     1>fltk.lib(Fl_Tooltip.obj) : warning LNK4204: 'c:\users\ai\documents\visual studio 2013\Projects\Flashcard\Release\vc120.pdb' is missing debugging information for referencing module; linking object as if no debug info
     1>fltk.lib(fl_utf.obj) : warning LNK4204: 'c:\users\ai\documents\visual studio 2013\Projects\Flashcard\Release\vc120.pdb' is missing debugging information for referencing module; linking object as if no debug info
     1>fltk.lib(fl_utf8.obj) : warning LNK4204: 'c:\users\ai\documents\visual studio 2013\Projects\Flashcard\Release\vc120.pdb' is missing debugging information for referencing module; linking object as if no debug info
     1>fltk.lib(fl_vertex.obj) : warning LNK4204: 'c:\users\ai\documents\visual studio 2013\Projects\Flashcard\Release\vc120.pdb' is missing debugging information for referencing module; linking object as if no debug info
     1>fltk.lib(Fl_Widget.obj) : warning LNK4204: 'c:\users\ai\documents\visual studio 2013\Projects\Flashcard\Release\vc120.pdb' is missing debugging information for referencing module; linking object as if no debug info
     1>fltk.lib(Fl_Window.obj) : warning LNK4204: 'c:\users\ai\documents\visual studio 2013\Projects\Flashcard\Release\vc120.pdb' is missing debugging information for referencing module; linking object as if no debug info
     1>fltk.lib(Fl_Window_fullscreen.obj) : warning LNK4204: 'c:\users\ai\documents\visual studio 2013\Projects\Flashcard\Release\vc120.pdb' is missing debugging information for referencing module; linking object as if no debug info
     1>fltk.lib(Fl_Window_hotspot.obj) : warning LNK4204: 'c:\users\ai\documents\visual studio 2013\Projects\Flashcard\Release\vc120.pdb' is missing debugging information for referencing module; linking object as if no debug info
     1>fltk.lib(Fl_Window_shape.obj) : warning LNK4204: 'c:\users\ai\documents\visual studio 2013\Projects\Flashcard\Release\vc120.pdb' is missing debugging information for referencing module; linking object as if no debug info
     1>fltk.lib(Fl_XBM_Image.obj) : warning LNK4204: 'c:\users\ai\documents\visual studio 2013\Projects\Flashcard\Release\vc120.pdb' is missing debugging information for referencing module; linking object as if no debug info
     1>fltk.lib(Fl_XPM_Image.obj) : warning LNK4204: 'c:\users\ai\documents\visual studio 2013\Projects\Flashcard\Release\vc120.pdb' is missing debugging information for referencing module; linking object as if no debug info
     1>fltk.lib(flstring.obj) : warning LNK4204: 'c:\users\ai\documents\visual studio 2013\Projects\Flashcard\Release\vc120.pdb' is missing debugging information for referencing module; linking object as if no debug info
     1>fltk.lib(is_spacing.obj) : warning LNK4204: 'c:\users\ai\documents\visual studio 2013\Projects\Flashcard\Release\vc120.pdb' is missing debugging information for referencing module; linking object as if no debug info
     1>fltk.lib(numericsort.obj) : warning LNK4204: 'c:\users\ai\documents\visual studio 2013\Projects\Flashcard\Release\vc120.pdb' is missing debugging information for referencing module; linking object as if no debug info
     1>fltk.lib(scandir.obj) : warning LNK4204: 'c:\users\ai\documents\visual studio 2013\Projects\Flashcard\Release\vc120.pdb' is missing debugging information for referencing module; linking object as if no debug info
     1>fltk.lib(screen_xywh.obj) : warning LNK4204: 'c:\users\ai\documents\visual studio 2013\Projects\Flashcard\Release\vc120.pdb' is missing debugging information for referencing module; linking object as if no debug info
     1>fltk.lib(vsnprintf.obj) : warning LNK4204: 'c:\users\ai\documents\visual studio 2013\Projects\Flashcard\Release\vc120.pdb' is missing debugging information for referencing module; linking object as if no debug info
     1>fltkimages.lib(Fl_PNG_Image.obj) : warning LNK4204: 'c:\users\ai\documents\visual studio 2013\Projects\Flashcard\Release\vc120.pdb' is missing debugging information for referencing module; linking object as if no debug info
     1>fltkpng.lib(png.obj) : warning LNK4204: 'c:\users\ai\documents\visual studio 2013\Projects\Flashcard\Release\vc120.pdb' is missing debugging information for referencing module; linking object as if no debug info
     1>fltkpng.lib(pngerror.obj) : warning LNK4204: 'c:\users\ai\documents\visual studio 2013\Projects\Flashcard\Release\vc120.pdb' is missing debugging information for referencing module; linking object as if no debug info
     1>fltkpng.lib(pngget.obj) : warning LNK4204: 'c:\users\ai\documents\visual studio 2013\Projects\Flashcard\Release\vc120.pdb' is missing debugging information for referencing module; linking object as if no debug info
     1>fltkpng.lib(pngmem.obj) : warning LNK4204: 'c:\users\ai\documents\visual studio 2013\Projects\Flashcard\Release\vc120.pdb' is missing debugging information for referencing module; linking object as if no debug info
     1>fltkpng.lib(pngread.obj) : warning LNK4204: 'c:\users\ai\documents\visual studio 2013\Projects\Flashcard\Release\vc120.pdb' is missing debugging information for referencing module; linking object as if no debug info
     1>fltkpng.lib(pngrio.obj) : warning LNK4204: 'c:\users\ai\documents\visual studio 2013\Projects\Flashcard\Release\vc120.pdb' is missing debugging information for referencing module; linking object as if no debug info
     1>fltkpng.lib(pngrtran.obj) : warning LNK4204: 'c:\users\ai\documents\visual studio 2013\Projects\Flashcard\Release\vc120.pdb' is missing debugging information for referencing module; linking object as if no debug info
     1>fltkpng.lib(pngrutil.obj) : warning LNK4204: 'c:\users\ai\documents\visual studio 2013\Projects\Flashcard\Release\vc120.pdb' is missing debugging information for referencing module; linking object as if no debug info
     1>fltkpng.lib(pngset.obj) : warning LNK4204: 'c:\users\ai\documents\visual studio 2013\Projects\Flashcard\Release\vc120.pdb' is missing debugging information for referencing module; linking object as if no debug info
     1>fltkpng.lib(pngtrans.obj) : warning LNK4204: 'c:\users\ai\documents\visual studio 2013\Projects\Flashcard\Release\vc120.pdb' is missing debugging information for referencing module; linking object as if no debug info
     1>fltkzlib.lib(adler32.obj) : warning LNK4204: 'c:\users\ai\documents\visual studio 2013\Projects\Flashcard\Release\vc120.pdb' is missing debugging information for referencing module; linking object as if no debug info
     1>fltkzlib.lib(crc32.obj) : warning LNK4204: 'c:\users\ai\documents\visual studio 2013\Projects\Flashcard\Release\vc120.pdb' is missing debugging information for referencing module; linking object as if no debug info
     1>fltkzlib.lib(inffast.obj) : warning LNK4204: 'c:\users\ai\documents\visual studio 2013\Projects\Flashcard\Release\vc120.pdb' is missing debugging information for referencing module; linking object as if no debug info
     1>fltkzlib.lib(inflate.obj) : warning LNK4204: 'c:\users\ai\documents\visual studio 2013\Projects\Flashcard\Release\vc120.pdb' is missing debugging information for referencing module; linking object as if no debug info
     1>fltkzlib.lib(inftrees.obj) : warning LNK4204: 'c:\users\ai\documents\visual studio 2013\Projects\Flashcard\Release\vc120.pdb' is missing debugging information for referencing module; linking object as if no debug info
     1>fltkzlib.lib(zutil.obj) : warning LNK4204: 'c:\users\ai\documents\visual studio 2013\Projects\Flashcard\Release\vc120.pdb' is missing debugging information for referencing module; linking object as if no debug info
         Flashcard.vcxproj -> c:\users\ai\documents\visual studio 2013\Projects\Flashcard\Release\Flashcard.exe
     1>Done Building Project "c:\Users\Ai\documents\visual studio 2013\Projects\Flashcard\Flashcard.vcxproj" (Build target(s)).

Build succeeded.

Time Elapsed 00:00:03.78
